<?xml version="1.0" encoding="UTF-8"?>
<!-- Generated by org.testng.reporters.JUnitXMLReporter -->
<testsuite ignored="0" hostname="DESKTOP-ITKI5LK" failures="0" tests="3" name="Default test" time="29.826" errors="0" timestamp="2026-06-18T15:02:19 IST">
  <testcase classname="com.TestCases.LoginPageTestCases" name="TC_001" time="19.212"/>
  <testcase classname="com.TestCases.LoginPageTestCases" name="TC_002" time="5.269"/>
  <testcase classname="com.TestCases.LoginPageTestCases" name="TC_003" time="5.265"/>
</testsuite> <!-- Default test -->
