<?xml version="1.0" encoding="UTF-8"?>
<!-- Generated by org.testng.reporters.JUnitXMLReporter -->
<testsuite ignored="0" hostname="DESKTOP-ITKI5LK" failures="0" tests="4" name="Default test" time="31.434" errors="0" timestamp="2026-06-18T15:44:56 IST">
  <testcase classname="com.TestCases.LoginPageTestCases" name="TC_001" time="14.089"/>
  <testcase classname="com.TestCases.LoginPageTestCases" name="TC_002" time="2.216"/>
  <testcase classname="com.TestCases.LoginPageTestCases" name="TC_003" time="2.215"/>
  <testcase classname="com.TestCases.LoginPageTestCases" name="TC_004" time="12.853"/>
</testsuite> <!-- Default test -->
