<?xml version="1.0" encoding="UTF-8"?>
<!-- Generated by org.testng.reporters.JUnitReportReporter -->
<testsuite hostname="DESKTOP-ITKI5LK" failures="0" tests="3" name="com.TestCases.LoginPageTestCases" time="29.746" errors="0" timestamp="2026-06-18T15:02:20 IST" skipped="0">
  <testcase classname="com.TestCases.LoginPageTestCases" name="TC_001" time="19.212"/>
  <system-out/>
  <testcase classname="com.TestCases.LoginPageTestCases" name="TC_002" time="5.269"/>
  <system-out/>
  <testcase classname="com.TestCases.LoginPageTestCases" name="TC_003" time="5.265"/>
  <system-out/>
</testsuite> <!-- com.TestCases.LoginPageTestCases -->
