<?xml version="1.0" encoding="UTF-8"?>
<!-- Generated by org.testng.reporters.JUnitReportReporter -->
<testsuite hostname="DESKTOP-ITKI5LK" failures="0" tests="4" name="com.TestCases.LoginPageTestCases" time="31.373" errors="0" timestamp="2026-06-18T15:44:56 IST" skipped="0">
  <testcase classname="com.TestCases.LoginPageTestCases" name="TC_001" time="14.089"/>
  <system-out/>
  <testcase classname="com.TestCases.LoginPageTestCases" name="TC_002" time="2.216"/>
  <system-out/>
  <testcase classname="com.TestCases.LoginPageTestCases" name="TC_003" time="2.215"/>
  <system-out/>
  <testcase classname="com.TestCases.LoginPageTestCases" name="TC_004" time="12.853"/>
  <system-out/>
</testsuite> <!-- com.TestCases.LoginPageTestCases -->
