<?xml version="1.0" encoding="UTF-8"?>
<testng-results ignored="0" total="4" passed="4" failed="0" skipped="0">
  <reporter-output>
  </reporter-output>
  <suite started-at="2026-06-18T15:44:24 IST" name="Default suite" finished-at="2026-06-18T15:44:56 IST" duration-ms="31434">
    <groups>
    </groups>
    <test started-at="2026-06-18T15:44:24 IST" name="Default test" finished-at="2026-06-18T15:44:56 IST" duration-ms="31434">
      <class name="com.TestCases.LoginPageTestCases">
        <test-method signature="TC_001()[pri:1, instance:com.TestCases.LoginPageTestCases@306f16f3]" started-at="2026-06-18T15:44:25 IST" name="TC_001" finished-at="2026-06-18T15:44:39 IST" duration-ms="14089" status="PASS">
          <reporter-output>
          </reporter-output>
        </test-method> <!-- TC_001 -->
        <test-method signature="TC_002()[pri:2, instance:com.TestCases.LoginPageTestCases@306f16f3]" started-at="2026-06-18T15:44:39 IST" name="TC_002" finished-at="2026-06-18T15:44:41 IST" duration-ms="2216" status="PASS">
          <reporter-output>
          </reporter-output>
        </test-method> <!-- TC_002 -->
        <test-method signature="TC_003()[pri:3, instance:com.TestCases.LoginPageTestCases@306f16f3]" started-at="2026-06-18T15:44:41 IST" name="TC_003" finished-at="2026-06-18T15:44:43 IST" duration-ms="2215" status="PASS">
          <reporter-output>
          </reporter-output>
        </test-method> <!-- TC_003 -->
        <test-method signature="TC_004()[pri:4, instance:com.TestCases.LoginPageTestCases@306f16f3]" started-at="2026-06-18T15:44:43 IST" name="TC_004" finished-at="2026-06-18T15:44:56 IST" duration-ms="12853" status="PASS">
          <reporter-output>
          </reporter-output>
        </test-method> <!-- TC_004 -->
      </class> <!-- com.TestCases.LoginPageTestCases -->
    </test> <!-- Default test -->
  </suite> <!-- Default suite -->
</testng-results>
