<?xml version="1.0" encoding="UTF-8"?>
<testng-results ignored="0" total="3" passed="3" failed="0" skipped="0">
  <reporter-output>
  </reporter-output>
  <suite started-at="2026-06-18T15:01:50 IST" name="Default suite" finished-at="2026-06-18T15:02:19 IST" duration-ms="29826">
    <groups>
    </groups>
    <test started-at="2026-06-18T15:01:50 IST" name="Default test" finished-at="2026-06-18T15:02:19 IST" duration-ms="29826">
      <class name="com.TestCases.LoginPageTestCases">
        <test-method signature="TC_001()[pri:1, instance:com.TestCases.LoginPageTestCases@1b6e1eff]" started-at="2026-06-18T15:01:50 IST" name="TC_001" finished-at="2026-06-18T15:02:09 IST" duration-ms="19212" status="PASS">
          <reporter-output>
          </reporter-output>
        </test-method> <!-- TC_001 -->
        <test-method signature="TC_002()[pri:2, instance:com.TestCases.LoginPageTestCases@1b6e1eff]" started-at="2026-06-18T15:02:09 IST" name="TC_002" finished-at="2026-06-18T15:02:14 IST" duration-ms="5269" status="PASS">
          <reporter-output>
          </reporter-output>
        </test-method> <!-- TC_002 -->
        <test-method signature="TC_003()[pri:3, instance:com.TestCases.LoginPageTestCases@1b6e1eff]" started-at="2026-06-18T15:02:14 IST" name="TC_003" finished-at="2026-06-18T15:02:19 IST" duration-ms="5265" status="PASS">
          <reporter-output>
          </reporter-output>
        </test-method> <!-- TC_003 -->
      </class> <!-- com.TestCases.LoginPageTestCases -->
    </test> <!-- Default test -->
  </suite> <!-- Default suite -->
</testng-results>
